<?xml version="1.0" encoding="UTF-8"?>
<!-- Generated by org.testng.reporters.JUnitReportReporter -->
<testsuite hostname="Personal-Laptop" failures="0" tests="1" name="com.vtiger.test.LeadTest" time="3.444" errors="0" timestamp="05 Aug 2023 03:30:22 GMT" skipped="0">
  <testcase classname="com.vtiger.test.LeadTest" name="TC03_CreateLeadWithMandatoryFields" time="3.444"/>
</testsuite> <!-- com.vtiger.test.LeadTest -->
