<?xml version="1.0" encoding="UTF-8"?>
<!-- Generated by org.testng.reporters.JUnitReportReporter -->
<testsuite hostname="Personal-Laptop" failures="0" tests="2" name="com.vtiger.test.LoginTest" time="4.279" errors="0" timestamp="21 Aug 2023 05:37:52 GMT" skipped="0">
  <testcase classname="com.vtiger.test.LoginTest" name="TC01_LoginWithValidCredentials" time="3.437"/>
  <testcase classname="com.vtiger.test.LoginTest" name="TC01_LoginWithInvalidCredentials" time="0.842"/>
</testsuite> <!-- com.vtiger.test.LoginTest -->
